# JRE version: OpenJDK Runtime Environment Temurin-17.0.12+7 (17.0.12+7) (build 17.0.12+7)
# Java VM: OpenJDK 64-Bit Server VM Temurin-17.0.12+7 (17.0.12+7, mixed mode, sharing, tiered, compressed oops, compressed class ptrs, g1 gc, windows-amd64)
GC Precious Log:
 CPUs: 8 total, 8 available
 Memory: 8035M
 Large Page Support: Disabled
 NUMA Support: Disabled
 Compressed Oops: Enabled (32-bit)
 Heap Region Size: 1M
 Heap Min Capacity: 8M
 Heap Initial Capacity: 126M
 Heap Max Capacity: 2010M
 Pre-touch: Disabled
 Parallel Workers: 8
 Concurrent Workers: 2
 Concurrent Refinement Workers: 8
 Periodic GC: Disabled
Heap:
 garbage-first heap   total 143360K, used 77677K [0x0000000082600000, 0x0000000100000000)
  region size 1024K, 33 young (33792K), 9 survivors (9216K)
 Metaspace       used 38626K, committed 39040K, reserved 1114112K
  class space    used 5224K, committed 5440K, reserved 1048576K
GC Heap History (20 events):
Event: 9.709 GC heap before
{Heap before GC invocations=5 (full 0):
 garbage-first heap   total 129024K, used 86727K [0x0000000082600000, 0x0000000100000000)
  region size 1024K, 75 young (76800K), 10 survivors (10240K)
 Metaspace       used 18661K, committed 18880K, reserved 1114112K
  class space    used 2217K, committed 2304K, reserved 1048576K
}
Event: 9.728 GC heap after
{Heap after GC invocations=6 (full 0):
 garbage-first heap   total 129024K, used 24533K [0x0000000082600000, 0x0000000100000000)
  region size 1024K, 5 young (5120K), 5 survivors (5120K)
 Metaspace       used 18661K, committed 18880K, reserved 1114112K
  class space    used 2217K, committed 2304K, reserved 1048576K
}
Event: 11.552 GC heap before
{Heap before GC invocations=6 (full 0):
 garbage-first heap   total 129024K, used 48085K [0x0000000082600000, 0x0000000100000000)
  region size 1024K, 29 young (29696K), 5 survivors (5120K)
 Metaspace       used 21231K, committed 21504K, reserved 1114112K
  class space    used 2556K, committed 2688K, reserved 1048576K
}
Event: 11.565 GC heap after
{Heap after GC invocations=7 (full 0):
 garbage-first heap   total 129024K, used 25557K [0x0000000082600000, 0x0000000100000000)
  region size 1024K, 6 young (6144K), 6 survivors (6144K)
 Metaspace       used 21231K, committed 21504K, reserved 1114112K
  class space    used 2556K, committed 2688K, reserved 1048576K
}
Event: 11.843 GC heap before
{Heap before GC invocations=8 (full 0):
 garbage-first heap   total 102400K, used 88021K [0x0000000082600000, 0x0000000100000000)
  region size 1024K, 68 young (69632K), 6 survivors (6144K)
 Metaspace       used 21382K, committed 21696K, reserved 1114112K
  class space    used 2575K, committed 2752K, reserved 1048576K
}
Event: 11.872 GC heap after
{Heap after GC invocations=9 (full 0):
 garbage-first heap   total 102400K, used 29034K [0x0000000082600000, 0x0000000100000000)
  region size 1024K, 5 young (5120K), 5 survivors (5120K)
 Metaspace       used 21382K, committed 21696K, reserved 1114112K
  class space    used 2575K, committed 2752K, reserved 1048576K
}
Event: 11.878 GC heap before
{Heap before GC invocations=9 (full 0):
 garbage-first heap   total 102400K, used 29034K [0x0000000082600000, 0x0000000100000000)
  region size 1024K, 6 young (6144K), 5 survivors (5120K)
 Metaspace       used 21382K, committed 21696K, reserved 1114112K
  class space    used 2575K, committed 2752K, reserved 1048576K
}
Event: 11.895 GC heap after
{Heap after GC invocations=10 (full 0):
 garbage-first heap   total 143360K, used 30018K [0x0000000082600000, 0x0000000100000000)
  region size 1024K, 1 young (1024K), 1 survivors (1024K)
 Metaspace       used 21382K, committed 21696K, reserved 1114112K
  class space    used 2575K, committed 2752K, reserved 1048576K
}
Event: 12.696 GC heap before
{Heap before GC invocations=10 (full 0):
 garbage-first heap   total 143360K, used 116034K [0x0000000082600000, 0x0000000100000000)
  region size 1024K, 80 young (81920K), 1 survivors (1024K)
 Metaspace       used 21637K, committed 21952K, reserved 1114112K
  class space    used 2607K, committed 2752K, reserved 1048576K
}
Event: 12.703 GC heap after
{Heap after GC invocations=11 (full 0):
 garbage-first heap   total 143360K, used 31262K [0x0000000082600000, 0x0000000100000000)
  region size 1024K, 3 young (3072K), 3 survivors (3072K)
 Metaspace       used 21637K, committed 21952K, reserved 1114112K
  class space    used 2607K, committed 2752K, reserved 1048576K
}
Event: 16.627 GC heap before
{Heap before GC invocations=11 (full 0):
 garbage-first heap   total 143360K, used 113182K [0x0000000082600000, 0x0000000100000000)
  region size 1024K, 81 young (82944K), 3 survivors (3072K)
 Metaspace       used 25037K, committed 25408K, reserved 1114112K
  class space    used 2965K, committed 3136K, reserved 1048576K
}
Event: 16.636 GC heap after
{Heap after GC invocations=12 (full 0):
 garbage-first heap   total 143360K, used 33489K [0x0000000082600000, 0x0000000100000000)
  region size 1024K, 5 young (5120K), 5 survivors (5120K)
 Metaspace       used 25037K, committed 25408K, reserved 1114112K
  class space    used 2965K, committed 3136K, reserved 1048576K
}
Event: 20.367 GC heap before
{Heap before GC invocations=12 (full 0):
 garbage-first heap   total 143360K, used 120529K [0x0000000082600000, 0x0000000100000000)
  region size 1024K, 84 young (86016K), 5 survivors (5120K)
 Metaspace       used 25866K, committed 26176K, reserved 1114112K
  class space    used 3046K, committed 3200K, reserved 1048576K
}
Event: 20.373 GC heap after
{Heap after GC invocations=13 (full 0):
 garbage-first heap   total 143360K, used 33809K [0x0000000082600000, 0x0000000100000000)
  region size 1024K, 5 young (5120K), 5 survivors (5120K)
 Metaspace       used 25866K, committed 26176K, reserved 1114112K
  class space    used 3046K, committed 3200K, reserved 1048576K
}
Event: 61.568 GC heap before
{Heap before GC invocations=13 (full 0):
 garbage-first heap   total 143360K, used 115729K [0x0000000082600000, 0x0000000100000000)
  region size 1024K, 84 young (86016K), 5 survivors (5120K)
 Metaspace       used 27718K, committed 28096K, reserved 1114112K
  class space    used 3294K, committed 3456K, reserved 1048576K
}
Event: 61.587 GC heap after
{Heap after GC invocations=14 (full 0):
 garbage-first heap   total 143360K, used 43546K [0x0000000082600000, 0x0000000100000000)
  region size 1024K, 11 young (11264K), 11 survivors (11264K)
 Metaspace       used 27718K, committed 28096K, reserved 1114112K
  class space    used 3294K, committed 3456K, reserved 1048576K
}
Event: 62.737 GC heap before
{Heap before GC invocations=14 (full 0):
 garbage-first heap   total 143360K, used 120346K [0x0000000082600000, 0x0000000100000000)
  region size 1024K, 81 young (82944K), 11 survivors (11264K)
 Metaspace       used 28582K, committed 28992K, reserved 1114112K
  class space    used 3430K, committed 3648K, reserved 1048576K
}
Event: 62.753 GC heap after
{Heap after GC invocations=15 (full 0):
 garbage-first heap   total 143360K, used 47149K [0x0000000082600000, 0x0000000100000000)
  region size 1024K, 4 young (4096K), 4 survivors (4096K)
 Metaspace       used 28582K, committed 28992K, reserved 1114112K
  class space    used 3430K, committed 3648K, reserved 1048576K
}
Event: 65.079 GC heap before
{Heap before GC invocations=15 (full 0):
 garbage-first heap   total 143360K, used 113709K [0x0000000082600000, 0x0000000100000000)
  region size 1024K, 69 young (70656K), 4 survivors (4096K)
 Metaspace       used 35608K, committed 36096K, reserved 1114112K
  class space    used 4650K, committed 4928K, reserved 1048576K
}
Event: 65.094 GC heap after
{Heap after GC invocations=16 (full 0):
 garbage-first heap   total 143360K, used 55149K [0x0000000082600000, 0x0000000100000000)
  region size 1024K, 9 young (9216K), 9 survivors (9216K)
 Metaspace       used 35608K, committed 36096K, reserved 1114112K
  class space    used 4650K, committed 4928K, reserved 1048576K
}

