# JRE version: OpenJDK Runtime Environment Temurin-17.0.12+7 (17.0.12+7) (build 17.0.12+7)
# Java VM: OpenJDK 64-Bit Server VM Temurin-17.0.12+7 (17.0.12+7, mixed mode, sharing, tiered, compressed oops, compressed class ptrs, g1 gc, windows-amd64)
GC Precious Log:
 CPUs: 8 total, 8 available
 Memory: 8035M
 Large Page Support: Disabled
 NUMA Support: Disabled
 Compressed Oops: Enabled (32-bit)
 Heap Region Size: 1M
 Heap Min Capacity: 8M
 Heap Initial Capacity: 126M
 Heap Max Capacity: 2010M
 Pre-touch: Disabled
 Parallel Workers: 8
 Concurrent Workers: 2
 Concurrent Refinement Workers: 8
 Periodic GC: Disabled
Heap:
 garbage-first heap   total 130048K, used 79566K [0x0000000082600000, 0x0000000100000000)
  region size 1024K, 19 young (19456K), 4 survivors (4096K)
 Metaspace       used 54404K, committed 55104K, reserved 1114112K
  class space    used 7668K, committed 8000K, reserved 1048576K
GC Heap History (20 events):
Event: 17.281 GC heap before
{Heap before GC invocations=11 (full 0):
 garbage-first heap   total 130048K, used 104312K [0x0000000082600000, 0x0000000100000000)
  region size 1024K, 76 young (77824K), 2 survivors (2048K)
 Metaspace       used 25030K, committed 25408K, reserved 1114112K
  class space    used 2967K, committed 3136K, reserved 1048576K
}
Event: 17.289 GC heap after
{Heap after GC invocations=12 (full 0):
 garbage-first heap   total 130048K, used 27890K [0x0000000082600000, 0x0000000100000000)
  region size 1024K, 3 young (3072K), 3 survivors (3072K)
 Metaspace       used 25030K, committed 25408K, reserved 1114112K
  class space    used 2967K, committed 3136K, reserved 1048576K
}
Event: 40.558 GC heap before
{Heap before GC invocations=12 (full 0):
 garbage-first heap   total 130048K, used 108786K [0x0000000082600000, 0x0000000100000000)
  region size 1024K, 76 young (77824K), 3 survivors (3072K)
 Metaspace       used 26066K, committed 26496K, reserved 1114112K
  class space    used 3070K, committed 3264K, reserved 1048576K
}
Event: 40.565 GC heap after
{Heap after GC invocations=13 (full 0):
 garbage-first heap   total 130048K, used 32864K [0x0000000082600000, 0x0000000100000000)
  region size 1024K, 7 young (7168K), 7 survivors (7168K)
 Metaspace       used 26066K, committed 26496K, reserved 1114112K
  class space    used 3070K, committed 3264K, reserved 1048576K
}
Event: 62.335 GC heap before
{Heap before GC invocations=13 (full 0):
 garbage-first heap   total 130048K, used 102496K [0x0000000082600000, 0x0000000100000000)
  region size 1024K, 76 young (77824K), 7 survivors (7168K)
 Metaspace       used 27731K, committed 28160K, reserved 1114112K
  class space    used 3295K, committed 3456K, reserved 1048576K
}
Event: 62.357 GC heap after
{Heap after GC invocations=14 (full 0):
 garbage-first heap   total 130048K, used 38630K [0x0000000082600000, 0x0000000100000000)
  region size 1024K, 10 young (10240K), 10 survivors (10240K)
 Metaspace       used 27731K, committed 28160K, reserved 1114112K
  class space    used 3295K, committed 3456K, reserved 1048576K
}
Event: 62.925 GC heap before
{Heap before GC invocations=14 (full 0):
 garbage-first heap   total 130048K, used 108262K [0x0000000082600000, 0x0000000100000000)
  region size 1024K, 73 young (74752K), 10 survivors (10240K)
 Metaspace       used 27989K, committed 28416K, reserved 1114112K
  class space    used 3343K, committed 3520K, reserved 1048576K
}
Event: 62.932 GC heap after
{Heap after GC invocations=15 (full 0):
 garbage-first heap   total 130048K, used 38312K [0x0000000082600000, 0x0000000100000000)
  region size 1024K, 3 young (3072K), 3 survivors (3072K)
 Metaspace       used 27989K, committed 28416K, reserved 1114112K
  class space    used 3343K, committed 3520K, reserved 1048576K
}
Event: 65.088 GC heap before
{Heap before GC invocations=15 (full 0):
 garbage-first heap   total 130048K, used 105896K [0x0000000082600000, 0x0000000100000000)
  region size 1024K, 67 young (68608K), 3 survivors (3072K)
 Metaspace       used 34529K, committed 35008K, reserved 1114112K
  class space    used 4486K, committed 4672K, reserved 1048576K
}
Event: 65.103 GC heap after
{Heap after GC invocations=16 (full 0):
 garbage-first heap   total 130048K, used 43729K [0x0000000082600000, 0x0000000100000000)
  region size 1024K, 8 young (8192K), 8 survivors (8192K)
 Metaspace       used 34529K, committed 35008K, reserved 1114112K
  class space    used 4486K, committed 4672K, reserved 1048576K
}
Event: 65.413 GC heap before
{Heap before GC invocations=16 (full 0):
 garbage-first heap   total 130048K, used 51921K [0x0000000082600000, 0x0000000100000000)
  region size 1024K, 18 young (18432K), 8 survivors (8192K)
 Metaspace       used 35657K, committed 36160K, reserved 1114112K
  class space    used 4660K, committed 4928K, reserved 1048576K
}
Event: 65.424 GC heap after
{Heap after GC invocations=17 (full 0):
 garbage-first heap   total 130048K, used 44841K [0x0000000082600000, 0x0000000100000000)
  region size 1024K, 2 young (2048K), 2 survivors (2048K)
 Metaspace       used 35657K, committed 36160K, reserved 1114112K
  class space    used 4660K, committed 4928K, reserved 1048576K
}
Event: 67.465 GC heap before
{Heap before GC invocations=18 (full 0):
 garbage-first heap   total 130048K, used 99113K [0x0000000082600000, 0x0000000100000000)
  region size 1024K, 56 young (57344K), 2 survivors (2048K)
 Metaspace       used 42545K, committed 43136K, reserved 1114112K
  class space    used 5996K, committed 6272K, reserved 1048576K
}
Event: 67.475 GC heap after
{Heap after GC invocations=19 (full 0):
 garbage-first heap   total 130048K, used 46312K [0x0000000082600000, 0x0000000100000000)
  region size 1024K, 3 young (3072K), 3 survivors (3072K)
 Metaspace       used 42545K, committed 43136K, reserved 1114112K
  class space    used 5996K, committed 6272K, reserved 1048576K
}
Event: 68.718 GC heap before
{Heap before GC invocations=20 (full 0):
 garbage-first heap   total 130048K, used 102632K [0x0000000082600000, 0x0000000100000000)
  region size 1024K, 58 young (59392K), 3 survivors (3072K)
 Metaspace       used 45811K, committed 46400K, reserved 1114112K
  class space    used 6553K, committed 6784K, reserved 1048576K
}
Event: 68.730 GC heap after
{Heap after GC invocations=21 (full 0):
 garbage-first heap   total 130048K, used 48550K [0x0000000082600000, 0x0000000100000000)
  region size 1024K, 5 young (5120K), 5 survivors (5120K)
 Metaspace       used 45811K, committed 46400K, reserved 1114112K
  class space    used 6553K, committed 6784K, reserved 1048576K
}
Event: 71.209 GC heap before
{Heap before GC invocations=21 (full 0):
 garbage-first heap   total 130048K, used 107942K [0x0000000082600000, 0x0000000100000000)
  region size 1024K, 59 young (60416K), 5 survivors (5120K)
 Metaspace       used 51674K, committed 52352K, reserved 1114112K
  class space    used 7300K, committed 7616K, reserved 1048576K
}
Event: 71.233 GC heap after
{Heap after GC invocations=22 (full 0):
 garbage-first heap   total 130048K, used 60684K [0x0000000082600000, 0x0000000100000000)
  region size 1024K, 8 young (8192K), 8 survivors (8192K)
 Metaspace       used 51674K, committed 52352K, reserved 1114112K
  class space    used 7300K, committed 7616K, reserved 1048576K
}
Event: 74.159 GC heap before
{Heap before GC invocations=22 (full 0):
 garbage-first heap   total 130048K, used 102668K [0x0000000082600000, 0x0000000100000000)
  region size 1024K, 49 young (50176K), 8 survivors (8192K)
 Metaspace       used 54124K, committed 54784K, reserved 1114112K
  class space    used 7661K, committed 8000K, reserved 1048576K
}
Event: 74.183 GC heap after
{Heap after GC invocations=23 (full 0):
 garbage-first heap   total 130048K, used 65230K [0x0000000082600000, 0x0000000100000000)
  region size 1024K, 4 young (4096K), 4 survivors (4096K)
 Metaspace       used 54124K, committed 54784K, reserved 1114112K
  class space    used 7661K, committed 8000K, reserved 1048576K
}

