# JRE version: OpenJDK Runtime Environment Temurin-17.0.12+7 (17.0.12+7) (build 17.0.12+7)
# Java VM: OpenJDK 64-Bit Server VM Temurin-17.0.12+7 (17.0.12+7, mixed mode, sharing, tiered, compressed oops, compressed class ptrs, g1 gc, windows-amd64)
GC Precious Log:
 CPUs: 8 total, 8 available
 Memory: 8035M
 Large Page Support: Disabled
 NUMA Support: Disabled
 Compressed Oops: Enabled (32-bit)
 Heap Region Size: 1M
 Heap Min Capacity: 8M
 Heap Initial Capacity: 126M
 Heap Max Capacity: 2010M
 Pre-touch: Disabled
 Parallel Workers: 8
 Concurrent Workers: 2
 Concurrent Refinement Workers: 8
 Periodic GC: Disabled
Heap:
 garbage-first heap   total 129024K, used 36137K [0x0000000082600000, 0x0000000100000000)
  region size 1024K, 3 young (3072K), 3 survivors (3072K)
 Metaspace       used 21575K, committed 21888K, reserved 1114112K
  class space    used 2601K, committed 2752K, reserved 1048576K
GC Heap History (19 events):
Event: 1.261 GC heap before
{Heap before GC invocations=0 (full 0):
 garbage-first heap   total 129024K, used 23552K [0x0000000082600000, 0x0000000100000000)
  region size 1024K, 23 young (23552K), 0 survivors (0K)
 Metaspace       used 5392K, committed 5632K, reserved 1114112K
  class space    used 651K, committed 768K, reserved 1048576K
}
Event: 1.271 GC heap after
{Heap after GC invocations=1 (full 0):
 garbage-first heap   total 129024K, used 3685K [0x0000000082600000, 0x0000000100000000)
  region size 1024K, 3 young (3072K), 3 survivors (3072K)
 Metaspace       used 5392K, committed 5632K, reserved 1114112K
  class space    used 651K, committed 768K, reserved 1048576K
}
Event: 2.323 GC heap before
{Heap before GC invocations=1 (full 0):
 garbage-first heap   total 129024K, used 34405K [0x0000000082600000, 0x0000000100000000)
  region size 1024K, 33 young (33792K), 3 survivors (3072K)
 Metaspace       used 9360K, committed 9536K, reserved 1114112K
  class space    used 1135K, committed 1216K, reserved 1048576K
}
Event: 2.334 GC heap after
{Heap after GC invocations=2 (full 0):
 garbage-first heap   total 129024K, used 5106K [0x0000000082600000, 0x0000000100000000)
  region size 1024K, 2 young (2048K), 2 survivors (2048K)
 Metaspace       used 9360K, committed 9536K, reserved 1114112K
  class space    used 1135K, committed 1216K, reserved 1048576K
}
Event: 4.627 GC heap before
{Heap before GC invocations=2 (full 0):
 garbage-first heap   total 129024K, used 79858K [0x0000000082600000, 0x0000000100000000)
  region size 1024K, 75 young (76800K), 2 survivors (2048K)
 Metaspace       used 15056K, committed 15232K, reserved 1114112K
  class space    used 1789K, committed 1856K, reserved 1048576K
}
Event: 4.646 GC heap after
{Heap after GC invocations=3 (full 0):
 garbage-first heap   total 129024K, used 10859K [0x0000000082600000, 0x0000000100000000)
  region size 1024K, 8 young (8192K), 8 survivors (8192K)
 Metaspace       used 15056K, committed 15232K, reserved 1114112K
  class space    used 1789K, committed 1856K, reserved 1048576K
}
Event: 5.828 GC heap before
{Heap before GC invocations=3 (full 0):
 garbage-first heap   total 129024K, used 79467K [0x0000000082600000, 0x0000000100000000)
  region size 1024K, 75 young (76800K), 8 survivors (8192K)
 Metaspace       used 15590K, committed 15808K, reserved 1114112K
  class space    used 1793K, committed 1856K, reserved 1048576K
}
Event: 5.843 GC heap after
{Heap after GC invocations=4 (full 0):
 garbage-first heap   total 129024K, used 13977K [0x0000000082600000, 0x0000000100000000)
  region size 1024K, 4 young (4096K), 4 survivors (4096K)
 Metaspace       used 15590K, committed 15808K, reserved 1114112K
  class space    used 1793K, committed 1856K, reserved 1048576K
}
Event: 7.865 GC heap before
{Heap before GC invocations=4 (full 0):
 garbage-first heap   total 129024K, used 86681K [0x0000000082600000, 0x0000000100000000)
  region size 1024K, 75 young (76800K), 4 survivors (4096K)
 Metaspace       used 17542K, committed 17728K, reserved 1114112K
  class space    used 2086K, committed 2176K, reserved 1048576K
}
Event: 7.875 GC heap after
{Heap after GC invocations=5 (full 0):
 garbage-first heap   total 129024K, used 20122K [0x0000000082600000, 0x0000000100000000)
  region size 1024K, 10 young (10240K), 10 survivors (10240K)
 Metaspace       used 17542K, committed 17728K, reserved 1114112K
  class space    used 2086K, committed 2176K, reserved 1048576K
}
Event: 9.428 GC heap before
{Heap before GC invocations=5 (full 0):
 garbage-first heap   total 129024K, used 86682K [0x0000000082600000, 0x0000000100000000)
  region size 1024K, 75 young (76800K), 10 survivors (10240K)
 Metaspace       used 18673K, committed 18880K, reserved 1114112K
  class space    used 2217K, committed 2304K, reserved 1048576K
}
Event: 9.447 GC heap after
{Heap after GC invocations=6 (full 0):
 garbage-first heap   total 129024K, used 24017K [0x0000000082600000, 0x0000000100000000)
  region size 1024K, 5 young (5120K), 5 survivors (5120K)
 Metaspace       used 18673K, committed 18880K, reserved 1114112K
  class space    used 2217K, committed 2304K, reserved 1048576K
}
Event: 10.934 GC heap before
{Heap before GC invocations=6 (full 0):
 garbage-first heap   total 129024K, used 48593K [0x0000000082600000, 0x0000000100000000)
  region size 1024K, 30 young (30720K), 5 survivors (5120K)
 Metaspace       used 21251K, committed 21504K, reserved 1114112K
  class space    used 2559K, committed 2688K, reserved 1048576K
}
Event: 10.951 GC heap after
{Heap after GC invocations=7 (full 0):
 garbage-first heap   total 129024K, used 25150K [0x0000000082600000, 0x0000000100000000)
  region size 1024K, 6 young (6144K), 6 survivors (6144K)
 Metaspace       used 21251K, committed 21504K, reserved 1114112K
  class space    used 2559K, committed 2688K, reserved 1048576K
}
Event: 11.255 GC heap before
{Heap before GC invocations=8 (full 0):
 garbage-first heap   total 106496K, used 88638K [0x0000000082600000, 0x0000000100000000)
  region size 1024K, 68 young (69632K), 6 survivors (6144K)
 Metaspace       used 21379K, committed 21696K, reserved 1114112K
  class space    used 2577K, committed 2752K, reserved 1048576K
}
Event: 11.283 GC heap after
{Heap after GC invocations=9 (full 0):
 garbage-first heap   total 106496K, used 29261K [0x0000000082600000, 0x0000000100000000)
  region size 1024K, 6 young (6144K), 6 survivors (6144K)
 Metaspace       used 21379K, committed 21696K, reserved 1114112K
  class space    used 2577K, committed 2752K, reserved 1048576K
}
Event: 11.286 GC heap before
{Heap before GC invocations=9 (full 0):
 garbage-first heap   total 106496K, used 30285K [0x0000000082600000, 0x0000000100000000)
  region size 1024K, 7 young (7168K), 6 survivors (6144K)
 Metaspace       used 21385K, committed 21696K, reserved 1114112K
  class space    used 2577K, committed 2752K, reserved 1048576K
}
Event: 11.297 GC heap after
{Heap after GC invocations=10 (full 0):
 garbage-first heap   total 106496K, used 29696K [0x0000000082600000, 0x0000000100000000)
  region size 1024K, 1 young (1024K), 1 survivors (1024K)
 Metaspace       used 21385K, committed 21696K, reserved 1114112K
  class space    used 2577K, committed 2752K, reserved 1048576K
}
Event: 11.633 GC heap before
{Heap before GC invocations=10 (full 0):
 garbage-first heap   total 106496K, used 88064K [0x0000000082600000, 0x0000000100000000)
  region size 1024K, 54 young (55296K), 1 survivors (1024K)
 Metaspace       used 21575K, committed 21888K, reserved 1114112K
  class space    used 2601K, committed 2752K, reserved 1048576K
}

