# JRE version: OpenJDK Runtime Environment Temurin-17.0.12+7 (17.0.12+7) (build 17.0.12+7)
# Java VM: OpenJDK 64-Bit Server VM Temurin-17.0.12+7 (17.0.12+7, mixed mode, sharing, tiered, compressed oops, compressed class ptrs, g1 gc, windows-amd64)
GC Precious Log:
 CPUs: 8 total, 8 available
 Memory: 8035M
 Large Page Support: Disabled
 NUMA Support: Disabled
 Compressed Oops: Enabled (32-bit)
 Heap Region Size: 1M
 Heap Min Capacity: 8M
 Heap Initial Capacity: 126M
 Heap Max Capacity: 2010M
 Pre-touch: Disabled
 Parallel Workers: 8
 Concurrent Workers: 2
 Concurrent Refinement Workers: 8
 Periodic GC: Disabled
Heap:
 garbage-first heap   total 302080K, used 103854K [0x0000000082600000, 0x0000000100000000)
  region size 1024K, 69 young (70656K), 3 survivors (3072K)
 Metaspace       used 22815K, committed 23104K, reserved 1114112K
  class space    used 2752K, committed 2880K, reserved 1048576K
GC Heap History (20 events):
Event: 1.297 GC heap before
{Heap before GC invocations=0 (full 0):
 garbage-first heap   total 129024K, used 23552K [0x0000000082600000, 0x0000000100000000)
  region size 1024K, 23 young (23552K), 0 survivors (0K)
 Metaspace       used 5412K, committed 5632K, reserved 1114112K
  class space    used 652K, committed 768K, reserved 1048576K
}
Event: 1.306 GC heap after
{Heap after GC invocations=1 (full 0):
 garbage-first heap   total 129024K, used 3672K [0x0000000082600000, 0x0000000100000000)
  region size 1024K, 3 young (3072K), 3 survivors (3072K)
 Metaspace       used 5412K, committed 5632K, reserved 1114112K
  class space    used 652K, committed 768K, reserved 1048576K
}
Event: 2.241 GC heap before
{Heap before GC invocations=1 (full 0):
 garbage-first heap   total 129024K, used 34392K [0x0000000082600000, 0x0000000100000000)
  region size 1024K, 33 young (33792K), 3 survivors (3072K)
 Metaspace       used 9421K, committed 9600K, reserved 1114112K
  class space    used 1138K, committed 1216K, reserved 1048576K
}
Event: 2.249 GC heap after
{Heap after GC invocations=2 (full 0):
 garbage-first heap   total 129024K, used 5335K [0x0000000082600000, 0x0000000100000000)
  region size 1024K, 2 young (2048K), 2 survivors (2048K)
 Metaspace       used 9421K, committed 9600K, reserved 1114112K
  class space    used 1138K, committed 1216K, reserved 1048576K
}
Event: 4.552 GC heap before
{Heap before GC invocations=2 (full 0):
 garbage-first heap   total 129024K, used 80087K [0x0000000082600000, 0x0000000100000000)
  region size 1024K, 75 young (76800K), 2 survivors (2048K)
 Metaspace       used 15019K, committed 15168K, reserved 1114112K
  class space    used 1789K, committed 1856K, reserved 1048576K
}
Event: 4.573 GC heap after
{Heap after GC invocations=3 (full 0):
 garbage-first heap   total 129024K, used 11034K [0x0000000082600000, 0x0000000100000000)
  region size 1024K, 8 young (8192K), 8 survivors (8192K)
 Metaspace       used 15019K, committed 15168K, reserved 1114112K
  class space    used 1789K, committed 1856K, reserved 1048576K
}
Event: 5.658 GC heap before
{Heap before GC invocations=3 (full 0):
 garbage-first heap   total 129024K, used 79642K [0x0000000082600000, 0x0000000100000000)
  region size 1024K, 75 young (76800K), 8 survivors (8192K)
 Metaspace       used 15542K, committed 15808K, reserved 1114112K
  class space    used 1793K, committed 1920K, reserved 1048576K
}
Event: 5.676 GC heap after
{Heap after GC invocations=4 (full 0):
 garbage-first heap   total 129024K, used 14077K [0x0000000082600000, 0x0000000100000000)
  region size 1024K, 4 young (4096K), 4 survivors (4096K)
 Metaspace       used 15542K, committed 15808K, reserved 1114112K
  class space    used 1793K, committed 1920K, reserved 1048576K
}
Event: 7.160 GC heap before
{Heap before GC invocations=4 (full 0):
 garbage-first heap   total 129024K, used 86781K [0x0000000082600000, 0x0000000100000000)
  region size 1024K, 75 young (76800K), 4 survivors (4096K)
 Metaspace       used 17625K, committed 17792K, reserved 1114112K
  class space    used 2093K, committed 2176K, reserved 1048576K
}
Event: 7.170 GC heap after
{Heap after GC invocations=5 (full 0):
 garbage-first heap   total 129024K, used 19943K [0x0000000082600000, 0x0000000100000000)
  region size 1024K, 10 young (10240K), 10 survivors (10240K)
 Metaspace       used 17625K, committed 17792K, reserved 1114112K
  class space    used 2093K, committed 2176K, reserved 1048576K
}
Event: 8.416 GC heap before
{Heap before GC invocations=5 (full 0):
 garbage-first heap   total 129024K, used 86503K [0x0000000082600000, 0x0000000100000000)
  region size 1024K, 75 young (76800K), 10 survivors (10240K)
 Metaspace       used 18691K, committed 18880K, reserved 1114112K
  class space    used 2217K, committed 2304K, reserved 1048576K
}
Event: 8.438 GC heap after
{Heap after GC invocations=6 (full 0):
 garbage-first heap   total 129024K, used 24385K [0x0000000082600000, 0x0000000100000000)
  region size 1024K, 5 young (5120K), 5 survivors (5120K)
 Metaspace       used 18691K, committed 18880K, reserved 1114112K
  class space    used 2217K, committed 2304K, reserved 1048576K
}
Event: 10.391 GC heap before
{Heap before GC invocations=6 (full 0):
 garbage-first heap   total 129024K, used 49985K [0x0000000082600000, 0x0000000100000000)
  region size 1024K, 31 young (31744K), 5 survivors (5120K)
 Metaspace       used 21253K, committed 21504K, reserved 1114112K
  class space    used 2555K, committed 2688K, reserved 1048576K
}
Event: 10.404 GC heap after
{Heap after GC invocations=7 (full 0):
 garbage-first heap   total 129024K, used 25481K [0x0000000082600000, 0x0000000100000000)
  region size 1024K, 6 young (6144K), 6 survivors (6144K)
 Metaspace       used 21253K, committed 21504K, reserved 1114112K
  class space    used 2555K, committed 2688K, reserved 1048576K
}
Event: 10.711 GC heap before
{Heap before GC invocations=8 (full 0):
 garbage-first heap   total 106496K, used 88969K [0x0000000082600000, 0x0000000100000000)
  region size 1024K, 68 young (69632K), 6 survivors (6144K)
 Metaspace       used 21428K, committed 21760K, reserved 1114112K
  class space    used 2578K, committed 2752K, reserved 1048576K
}
Event: 10.741 GC heap after
{Heap after GC invocations=9 (full 0):
 garbage-first heap   total 106496K, used 29333K [0x0000000082600000, 0x0000000100000000)
  region size 1024K, 6 young (6144K), 6 survivors (6144K)
 Metaspace       used 21428K, committed 21760K, reserved 1114112K
  class space    used 2578K, committed 2752K, reserved 1048576K
}
Event: 10.743 GC heap before
{Heap before GC invocations=9 (full 0):
 garbage-first heap   total 106496K, used 29333K [0x0000000082600000, 0x0000000100000000)
  region size 1024K, 7 young (7168K), 6 survivors (6144K)
 Metaspace       used 21428K, committed 21760K, reserved 1114112K
  class space    used 2578K, committed 2752K, reserved 1048576K
}
Event: 10.761 GC heap after
{Heap after GC invocations=10 (full 0):
 garbage-first heap   total 106496K, used 29654K [0x0000000082600000, 0x0000000100000000)
  region size 1024K, 1 young (1024K), 1 survivors (1024K)
 Metaspace       used 21428K, committed 21760K, reserved 1114112K
  class space    used 2578K, committed 2752K, reserved 1048576K
}
Event: 11.164 GC heap before
{Heap before GC invocations=10 (full 0):
 garbage-first heap   total 106496K, used 89046K [0x0000000082600000, 0x0000000100000000)
  region size 1024K, 54 young (55296K), 1 survivors (1024K)
 Metaspace       used 21607K, committed 21952K, reserved 1114112K
  class space    used 2602K, committed 2752K, reserved 1048576K
}
Event: 11.176 GC heap after
{Heap after GC invocations=11 (full 0):
 garbage-first heap   total 302080K, used 36270K [0x0000000082600000, 0x0000000100000000)
  region size 1024K, 3 young (3072K), 3 survivors (3072K)
 Metaspace       used 21607K, committed 21952K, reserved 1114112K
  class space    used 2602K, committed 2752K, reserved 1048576K
}

