# JRE version: OpenJDK Runtime Environment Temurin-17.0.12+7 (17.0.12+7) (build 17.0.12+7)
# Java VM: OpenJDK 64-Bit Server VM Temurin-17.0.12+7 (17.0.12+7, mixed mode, sharing, tiered, compressed oops, compressed class ptrs, g1 gc, windows-amd64)
GC Precious Log:
 CPUs: 8 total, 8 available
 Memory: 8035M
 Large Page Support: Disabled
 NUMA Support: Disabled
 Compressed Oops: Enabled (32-bit)
 Heap Region Size: 1M
 Heap Min Capacity: 8M
 Heap Initial Capacity: 126M
 Heap Max Capacity: 2010M
 Pre-touch: Disabled
 Parallel Workers: 8
 Concurrent Workers: 2
 Concurrent Refinement Workers: 8
 Periodic GC: Disabled
Heap:
 garbage-first heap   total 129024K, used 35274K [0x0000000082600000, 0x0000000100000000)
  region size 1024K, 3 young (3072K), 3 survivors (3072K)
 Metaspace       used 21498K, committed 21824K, reserved 1114112K
  class space    used 2589K, committed 2752K, reserved 1048576K
GC Heap History (19 events):
Event: 2.313 GC heap before
{Heap before GC invocations=0 (full 0):
 garbage-first heap   total 129024K, used 23552K [0x0000000082600000, 0x0000000100000000)
  region size 1024K, 23 young (23552K), 0 survivors (0K)
 Metaspace       used 5411K, committed 5568K, reserved 1114112K
  class space    used 649K, committed 768K, reserved 1048576K
}
Event: 2.328 GC heap after
{Heap after GC invocations=1 (full 0):
 garbage-first heap   total 129024K, used 3664K [0x0000000082600000, 0x0000000100000000)
  region size 1024K, 3 young (3072K), 3 survivors (3072K)
 Metaspace       used 5411K, committed 5568K, reserved 1114112K
  class space    used 649K, committed 768K, reserved 1048576K
}
Event: 4.284 GC heap before
{Heap before GC invocations=1 (full 0):
 garbage-first heap   total 129024K, used 34384K [0x0000000082600000, 0x0000000100000000)
  region size 1024K, 33 young (33792K), 3 survivors (3072K)
 Metaspace       used 9531K, committed 9664K, reserved 1114112K
  class space    used 1152K, committed 1216K, reserved 1048576K
}
Event: 4.294 GC heap after
{Heap after GC invocations=2 (full 0):
 garbage-first heap   total 129024K, used 5282K [0x0000000082600000, 0x0000000100000000)
  region size 1024K, 2 young (2048K), 2 survivors (2048K)
 Metaspace       used 9531K, committed 9664K, reserved 1114112K
  class space    used 1152K, committed 1216K, reserved 1048576K
}
Event: 9.020 GC heap before
{Heap before GC invocations=2 (full 0):
 garbage-first heap   total 129024K, used 80034K [0x0000000082600000, 0x0000000100000000)
  region size 1024K, 75 young (76800K), 2 survivors (2048K)
 Metaspace       used 15130K, committed 15296K, reserved 1114112K
  class space    used 1789K, committed 1856K, reserved 1048576K
}
Event: 9.040 GC heap after
{Heap after GC invocations=3 (full 0):
 garbage-first heap   total 129024K, used 10819K [0x0000000082600000, 0x0000000100000000)
  region size 1024K, 8 young (8192K), 8 survivors (8192K)
 Metaspace       used 15130K, committed 15296K, reserved 1114112K
  class space    used 1789K, committed 1856K, reserved 1048576K
}
Event: 11.129 GC heap before
{Heap before GC invocations=3 (full 0):
 garbage-first heap   total 129024K, used 79427K [0x0000000082600000, 0x0000000100000000)
  region size 1024K, 75 young (76800K), 8 survivors (8192K)
 Metaspace       used 15621K, committed 15808K, reserved 1114112K
  class space    used 1793K, committed 1856K, reserved 1048576K
}
Event: 11.154 GC heap after
{Heap after GC invocations=4 (full 0):
 garbage-first heap   total 129024K, used 13609K [0x0000000082600000, 0x0000000100000000)
  region size 1024K, 4 young (4096K), 4 survivors (4096K)
 Metaspace       used 15621K, committed 15808K, reserved 1114112K
  class space    used 1793K, committed 1856K, reserved 1048576K
}
Event: 14.985 GC heap before
{Heap before GC invocations=4 (full 0):
 garbage-first heap   total 129024K, used 86313K [0x0000000082600000, 0x0000000100000000)
  region size 1024K, 75 young (76800K), 4 survivors (4096K)
 Metaspace       used 17843K, committed 18112K, reserved 1114112K
  class space    used 2124K, committed 2240K, reserved 1048576K
}
Event: 14.995 GC heap after
{Heap after GC invocations=5 (full 0):
 garbage-first heap   total 129024K, used 20368K [0x0000000082600000, 0x0000000100000000)
  region size 1024K, 10 young (10240K), 10 survivors (10240K)
 Metaspace       used 17843K, committed 18112K, reserved 1114112K
  class space    used 2124K, committed 2240K, reserved 1048576K
}
Event: 17.016 GC heap before
{Heap before GC invocations=5 (full 0):
 garbage-first heap   total 129024K, used 86928K [0x0000000082600000, 0x0000000100000000)
  region size 1024K, 75 young (76800K), 10 survivors (10240K)
 Metaspace       used 19091K, committed 19392K, reserved 1114112K
  class space    used 2251K, committed 2368K, reserved 1048576K
}
Event: 17.043 GC heap after
{Heap after GC invocations=6 (full 0):
 garbage-first heap   total 129024K, used 24480K [0x0000000082600000, 0x0000000100000000)
  region size 1024K, 5 young (5120K), 5 survivors (5120K)
 Metaspace       used 19091K, committed 19392K, reserved 1114112K
  class space    used 2251K, committed 2368K, reserved 1048576K
}
Event: 17.697 GC heap before
{Heap before GC invocations=6 (full 0):
 garbage-first heap   total 129024K, used 37792K [0x0000000082600000, 0x0000000100000000)
  region size 1024K, 19 young (19456K), 5 survivors (5120K)
 Metaspace       used 21200K, committed 21504K, reserved 1114112K
  class space    used 2551K, committed 2688K, reserved 1048576K
}
Event: 17.708 GC heap after
{Heap after GC invocations=7 (full 0):
 garbage-first heap   total 129024K, used 24542K [0x0000000082600000, 0x0000000100000000)
  region size 1024K, 5 young (5120K), 5 survivors (5120K)
 Metaspace       used 21200K, committed 21504K, reserved 1114112K
  class space    used 2551K, committed 2688K, reserved 1048576K
}
Event: 18.065 GC heap before
{Heap before GC invocations=8 (full 0):
 garbage-first heap   total 102400K, used 80862K [0x0000000082600000, 0x0000000100000000)
  region size 1024K, 60 young (61440K), 5 survivors (5120K)
 Metaspace       used 21306K, committed 21696K, reserved 1114112K
  class space    used 2566K, committed 2752K, reserved 1048576K
}
Event: 18.090 GC heap after
{Heap after GC invocations=9 (full 0):
 garbage-first heap   total 102400K, used 28579K [0x0000000082600000, 0x0000000100000000)
  region size 1024K, 5 young (5120K), 5 survivors (5120K)
 Metaspace       used 21306K, committed 21696K, reserved 1114112K
  class space    used 2566K, committed 2752K, reserved 1048576K
}
Event: 18.094 GC heap before
{Heap before GC invocations=9 (full 0):
 garbage-first heap   total 102400K, used 29603K [0x0000000082600000, 0x0000000100000000)
  region size 1024K, 6 young (6144K), 5 survivors (5120K)
 Metaspace       used 21306K, committed 21696K, reserved 1114112K
  class space    used 2566K, committed 2752K, reserved 1048576K
}
Event: 18.108 GC heap after
{Heap after GC invocations=10 (full 0):
 garbage-first heap   total 102400K, used 28910K [0x0000000082600000, 0x0000000100000000)
  region size 1024K, 1 young (1024K), 1 survivors (1024K)
 Metaspace       used 21306K, committed 21696K, reserved 1114112K
  class space    used 2566K, committed 2752K, reserved 1048576K
}
Event: 18.551 GC heap before
{Heap before GC invocations=10 (full 0):
 garbage-first heap   total 102400K, used 83182K [0x0000000082600000, 0x0000000100000000)
  region size 1024K, 50 young (51200K), 1 survivors (1024K)
 Metaspace       used 21498K, committed 21824K, reserved 1114112K
  class space    used 2589K, committed 2752K, reserved 1048576K
}

